<?xml version="1.0" encoding="UTF-8"?>
<!-- Generated by org.testng.reporters.JUnitXMLReporter -->
<testsuite ignored="0" hostname="Asus" failures="0" tests="3" name="Default test" time="9.305" errors="0" timestamp="2026-02-18T02:57:05 IST">
  <testcase classname="com.tekpyramid.chaingrid.login.InvalidLoginsTest" name="invalidAdminLoginTest" time="0.746"/>
  <testcase classname="com.tekpyramid.chaingrid.login.InvalidLoginsTest" name="invalidManufacturerLoginTest" time="0.374"/>
  <testcase classname="com.tekpyramid.chaingrid.login.InvalidLoginsTest" name="invalidRetailerLoginTest" time="0.317"/>
</testsuite> <!-- Default test -->
