<?xml version="1.0" encoding="UTF-8"?>
<!-- Generated by org.testng.reporters.JUnitXMLReporter -->
<testsuite ignored="2" hostname="Asus" failures="0" tests="3" name="Default test" time="0.059" errors="0" timestamp="2026-02-23T18:24:43 IST">
  <testcase classname="DemoTests.DataDrivenTesting_2Test" name="test3" time="0.008"/>
  <testcase classname="DemoTests.DataDrivenTesting_2Test" name="test3" time="0.001"/>
  <testcase classname="DemoTests.DataDrivenTesting_2Test" name="test3" time="0.002"/>
  <testcase classname="DemoTests.DataDrivenTesting_2Test" name="JDBC" time="0.0">
    <ignored/>
  </testcase> <!-- JDBC -->
  <testcase classname="DemoTests.DataDrivenTesting_2Test" name="testing" time="0.0">
    <ignored/>
  </testcase> <!-- testing -->
</testsuite> <!-- Default test -->
