<?xml version="1.0" encoding="UTF-8"?>
<!-- Generated by org.testng.reporters.JUnitXMLReporter -->
<testsuite ignored="0" hostname="Asus" failures="0" tests="2" name="Test" time="16.783" errors="0" timestamp="2026-03-05T16:34:54 IST">
  <testcase classname="com.tekpyramid.chaingrid.login.InvalidAdminLoginTest" name="verifyInvalidAdminloginTest" time="3.468"/>
  <testcase classname="com.tekpyramid.chaingrid.login.VerifyManufacturerLoginTest" name="verifyManufacturerLogin" time="0.064"/>
</testsuite> <!-- Test -->
