<?xml version="1.0" encoding="UTF-8"?>
<!-- Generated by org.testng.reporters.JUnitXMLReporter -->
<testsuite ignored="20" hostname="Asus" failures="3" tests="12" name="Test" time="180.748" errors="0" timestamp="2026-02-02T21:45:40 IST">
  <testcase classname="com.tekpyramid.chaingrid.product_inventory.ManufacturerVerifyAddStockTest" name="verifyAddStock" time="20.26">
    <failure type="org.openqa.selenium.NoSuchElementException" message="Unable to locate element: //td[normalize-space(text())=&amp;apos;Mass Gainer&amp;apos;]/following-sibling::td//input[@type=&amp;apos;text&amp;apos;]
For documentation on this error, please visit: https://www.selenium.dev/documentation/webdriver/troubleshooting/errors#no-such-element-exception
Build info: version: &amp;apos;4.30.0&amp;apos;, revision: &amp;apos;509c7f17cc*&amp;apos;
System info: os.name: &amp;apos;Windows 11&amp;apos;, os.arch: &amp;apos;amd64&amp;apos;, os.version: &amp;apos;10.0&amp;apos;, java.version: &amp;apos;21.0.10&amp;apos;
Driver info: org.openqa.selenium.firefox.FirefoxDriver
Command: [d68bca73-6184-4ca7-bfdb-dcbc62116151, findElement {value=//td[normalize-space(text())=&amp;apos;Mass Gainer&amp;apos;]/following-sibling::td//input[@type=&amp;apos;text&amp;apos;], using=xpath}]
Capabilities {acceptInsecureCerts: true, browserName: firefox, browserVersion: 147.0.2, moz:accessibilityChecks: false, moz:buildID: 20260126151322, moz:geckodriverVersion: 0.36.0, moz:headless: false, moz:platformVersion: 10.0, moz:processID: 21720, moz:profile: C:\Users\samis\AppData\Loca..., moz:shutdownTimeout: 60000, moz:webdriverClick: true, moz:windowless: false, pageLoadStrategy: normal, platformName: windows, proxy: Proxy(), setWindowRect: true, strictFileInteractability: false, timeouts: {implicit: 0, pageLoad: 300000, script: 30000}, unhandledPromptBehavior: dismiss and notify, userAgent: Mozilla/5.0 (Windows NT 10....}
Session ID: d68bca73-6184-4ca7-bfdb-dcbc62116151">
      <![CDATA[org.openqa.selenium.NoSuchElementException: Unable to locate element: //td[normalize-space(text())='Mass Gainer']/following-sibling::td//input[@type='text']
For documentation on this error, please visit: https://www.selenium.dev/documentation/webdriver/troubleshooting/errors#no-such-element-exception
Build info: version: '4.30.0', revision: '509c7f17cc*'
System info: os.name: 'Windows 11', os.arch: 'amd64', os.version: '10.0', java.version: '21.0.10'
Driver info: org.openqa.selenium.firefox.FirefoxDriver
Command: [d68bca73-6184-4ca7-bfdb-dcbc62116151, findElement {value=//td[normalize-space(text())='Mass Gainer']/following-sibling::td//input[@type='text'], using=xpath}]
Capabilities {acceptInsecureCerts: true, browserName: firefox, browserVersion: 147.0.2, moz:accessibilityChecks: false, moz:buildID: 20260126151322, moz:geckodriverVersion: 0.36.0, moz:headless: false, moz:platformVersion: 10.0, moz:processID: 21720, moz:profile: C:\Users\samis\AppData\Loca..., moz:shutdownTimeout: 60000, moz:webdriverClick: true, moz:windowless: false, pageLoadStrategy: normal, platformName: windows, proxy: Proxy(), setWindowRect: true, strictFileInteractability: false, timeouts: {implicit: 0, pageLoad: 300000, script: 30000}, unhandledPromptBehavior: dismiss and notify, userAgent: Mozilla/5.0 (Windows NT 10....}
Session ID: d68bca73-6184-4ca7-bfdb-dcbc62116151
at org.openqa.selenium.remote.ErrorCodec.decode(ErrorCodec.java:167)
at org.openqa.selenium.remote.codec.w3c.W3CHttpResponseCodec.decode(W3CHttpResponseCodec.java:138)
at org.openqa.selenium.remote.codec.w3c.W3CHttpResponseCodec.decode(W3CHttpResponseCodec.java:50)
at org.openqa.selenium.remote.HttpCommandExecutor.execute(HttpCommandExecutor.java:215)
at org.openqa.selenium.remote.service.DriverCommandExecutor.invokeExecute(DriverCommandExecutor.java:216)
at org.openqa.selenium.remote.service.DriverCommandExecutor.execute(DriverCommandExecutor.java:174)
at org.openqa.selenium.remote.RemoteWebDriver.execute(RemoteWebDriver.java:545)
at org.openqa.selenium.remote.ElementLocation$ElementFinder$2.findElement(ElementLocation.java:165)
at org.openqa.selenium.remote.ElementLocation.findElement(ElementLocation.java:59)
at org.openqa.selenium.remote.RemoteWebDriver.findElement(RemoteWebDriver.java:368)
at org.openqa.selenium.remote.RemoteWebDriver.findElement(RemoteWebDriver.java:362)
at com.tekpyramid.chaingrid.object_repository.ManageStockPage.getFillStockViaName(ManageStockPage.java:39)
at com.tekpyramid.chaingrid.product_inventory.ManufacturerVerifyAddStockTest.verifyAddStock(ManufacturerVerifyAddStockTest.java:20)
at java.base/java.util.ArrayList.forEach(ArrayList.java:1596)
... Removed 28 stack frames]]>
    </failure>
  </testcase> <!-- verifyAddStock -->
  <testcase classname="com.tekpyramid.chaingrid.product_inventory.VerifyPlaceOrderTest" name="verifyRetailerPlaceOrder" time="22.042"/>
  <testcase classname="com.tekpyramid.chaingrid.login.SearchByStatusTest" name="searchByStatusTest" time="1.517"/>
  <testcase classname="com.tekpyramid.chaingrid.login.VerifyManufacturerLoginTest" name="verifyManufacturerLogin" time="0.063"/>
  <testcase classname="com.tekpyramid.chaingrid.login.InvalidAdminLoginTest" name="verifyInvalidAdminloginTest" time="1.999"/>
  <testcase classname="com.tekpyramid.chaingrid.product_inventory.VerifyManuViewAssighnedProductTest" name="manufacturerVerifyAssignedProduct" time="0.698"/>
  <testcase classname="com.tekpyramid.chaingrid.product_inventory.AdminVerifiesOrdersTest" name="verifyAdminViewsOrders" time="0.924"/>
  <testcase classname="com.tekpyramid.chaingrid.product_inventory.SearchOrderByRetailerTest" name="searchOrderByRetailerTest" time="21.635">
    <failure type="org.openqa.selenium.TimeoutException" message="Expected condition failed: waiting for visibility of [[FirefoxDriver: firefox on windows (6a3d3345-6e1c-4415-9f51-10d2213fb693)] -&amp;gt; id: cmbStatus] (tried for 20 second(s) with 500 milliseconds interval)
Build info: version: &amp;apos;4.30.0&amp;apos;, revision: &amp;apos;509c7f17cc*&amp;apos;
System info: os.name: &amp;apos;Windows 11&amp;apos;, os.arch: &amp;apos;amd64&amp;apos;, os.version: &amp;apos;10.0&amp;apos;, java.version: &amp;apos;21.0.10&amp;apos;
Driver info: org.openqa.selenium.firefox.FirefoxDriver
Capabilities {acceptInsecureCerts: true, browserName: firefox, browserVersion: 147.0.2, moz:accessibilityChecks: false, moz:buildID: 20260126151322, moz:geckodriverVersion: 0.36.0, moz:headless: false, moz:platformVersion: 10.0, moz:processID: 19348, moz:profile: C:\Users\samis\AppData\Loca..., moz:shutdownTimeout: 60000, moz:webdriverClick: true, moz:windowless: false, pageLoadStrategy: normal, platformName: windows, proxy: Proxy(), setWindowRect: true, strictFileInteractability: false, timeouts: {implicit: 0, pageLoad: 300000, script: 30000}, unhandledPromptBehavior: dismiss and notify, userAgent: Mozilla/5.0 (Windows NT 10....}
Session ID: 6a3d3345-6e1c-4415-9f51-10d2213fb693">
      <![CDATA[org.openqa.selenium.TimeoutException: Expected condition failed: waiting for visibility of [[FirefoxDriver: firefox on windows (6a3d3345-6e1c-4415-9f51-10d2213fb693)] -> id: cmbStatus] (tried for 20 second(s) with 500 milliseconds interval)
Build info: version: '4.30.0', revision: '509c7f17cc*'
System info: os.name: 'Windows 11', os.arch: 'amd64', os.version: '10.0', java.version: '21.0.10'
Driver info: org.openqa.selenium.firefox.FirefoxDriver
Capabilities {acceptInsecureCerts: true, browserName: firefox, browserVersion: 147.0.2, moz:accessibilityChecks: false, moz:buildID: 20260126151322, moz:geckodriverVersion: 0.36.0, moz:headless: false, moz:platformVersion: 10.0, moz:processID: 19348, moz:profile: C:\Users\samis\AppData\Loca..., moz:shutdownTimeout: 60000, moz:webdriverClick: true, moz:windowless: false, pageLoadStrategy: normal, platformName: windows, proxy: Proxy(), setWindowRect: true, strictFileInteractability: false, timeouts: {implicit: 0, pageLoad: 300000, script: 30000}, unhandledPromptBehavior: dismiss and notify, userAgent: Mozilla/5.0 (Windows NT 10....}
Session ID: 6a3d3345-6e1c-4415-9f51-10d2213fb693
at org.openqa.selenium.support.ui.WebDriverWait.timeoutException(WebDriverWait.java:84)
at org.openqa.selenium.support.ui.FluentWait.until(FluentWait.java:228)
at com.tekpyramid.chaingrid.generic_utility.ChainGrid_WebDriver_Utility.explicitWaitvisibilityOfElement(ChainGrid_WebDriver_Utility.java:30)
at com.tekpyramid.chaingrid.object_repository.AdminOrdersPage.searchOrderByretailerTest(AdminOrdersPage.java:189)
at com.tekpyramid.chaingrid.product_inventory.SearchOrderByRetailerTest.searchOrderByRetailerTest(SearchOrderByRetailerTest.java:16)
at java.base/java.util.ArrayList.forEach(ArrayList.java:1596)
... Removed 25 stack frames]]>
    </failure>
  </testcase> <!-- searchOrderByRetailerTest -->
  <testcase classname="com.tekpyramid.chaingrid.product_inventory.VerifyAdminAddProductTest" name="verifyAdminAddsNewProduct" time="1.735">
    <failure type="org.openqa.selenium.UnhandledAlertException" message="Unexpected alert dialog detected. Performed handler &amp;quot;dismiss&amp;quot;: Product Added Successfully
Build info: version: &amp;apos;4.30.0&amp;apos;, revision: &amp;apos;509c7f17cc*&amp;apos;
System info: os.name: &amp;apos;Windows 11&amp;apos;, os.arch: &amp;apos;amd64&amp;apos;, os.version: &amp;apos;10.0&amp;apos;, java.version: &amp;apos;21.0.10&amp;apos;
Driver info: org.openqa.selenium.firefox.FirefoxDriver
Command: [98a030e6-0f77-46fc-b7f2-b4728f4addbd, screenshot {}]
Capabilities {acceptInsecureCerts: true, browserName: firefox, browserVersion: 147.0.2, moz:accessibilityChecks: false, moz:buildID: 20260126151322, moz:geckodriverVersion: 0.36.0, moz:headless: false, moz:platformVersion: 10.0, moz:processID: 23232, moz:profile: C:\Users\samis\AppData\Loca..., moz:shutdownTimeout: 60000, moz:webdriverClick: true, moz:windowless: false, pageLoadStrategy: normal, platformName: windows, proxy: Proxy(), setWindowRect: true, strictFileInteractability: false, timeouts: {implicit: 0, pageLoad: 300000, script: 30000}, unhandledPromptBehavior: dismiss and notify, userAgent: Mozilla/5.0 (Windows NT 10....}
Session ID: 98a030e6-0f77-46fc-b7f2-b4728f4addbd">
      <![CDATA[org.openqa.selenium.UnhandledAlertException: Unexpected alert dialog detected. Performed handler "dismiss": Product Added Successfully
Build info: version: '4.30.0', revision: '509c7f17cc*'
System info: os.name: 'Windows 11', os.arch: 'amd64', os.version: '10.0', java.version: '21.0.10'
Driver info: org.openqa.selenium.firefox.FirefoxDriver
Command: [98a030e6-0f77-46fc-b7f2-b4728f4addbd, screenshot {}]
Capabilities {acceptInsecureCerts: true, browserName: firefox, browserVersion: 147.0.2, moz:accessibilityChecks: false, moz:buildID: 20260126151322, moz:geckodriverVersion: 0.36.0, moz:headless: false, moz:platformVersion: 10.0, moz:processID: 23232, moz:profile: C:\Users\samis\AppData\Loca..., moz:shutdownTimeout: 60000, moz:webdriverClick: true, moz:windowless: false, pageLoadStrategy: normal, platformName: windows, proxy: Proxy(), setWindowRect: true, strictFileInteractability: false, timeouts: {implicit: 0, pageLoad: 300000, script: 30000}, unhandledPromptBehavior: dismiss and notify, userAgent: Mozilla/5.0 (Windows NT 10....}
Session ID: 98a030e6-0f77-46fc-b7f2-b4728f4addbd
at org.openqa.selenium.remote.codec.w3c.W3CHttpResponseCodec.decode(W3CHttpResponseCodec.java:136)
at org.openqa.selenium.remote.codec.w3c.W3CHttpResponseCodec.decode(W3CHttpResponseCodec.java:50)
at org.openqa.selenium.remote.HttpCommandExecutor.execute(HttpCommandExecutor.java:215)
at org.openqa.selenium.remote.service.DriverCommandExecutor.invokeExecute(DriverCommandExecutor.java:216)
at org.openqa.selenium.remote.service.DriverCommandExecutor.execute(DriverCommandExecutor.java:174)
at org.openqa.selenium.remote.RemoteWebDriver.execute(RemoteWebDriver.java:545)
at org.openqa.selenium.remote.RemoteWebDriver.execute(RemoteWebDriver.java:618)
at org.openqa.selenium.remote.RemoteWebDriver.execute(RemoteWebDriver.java:622)
at org.openqa.selenium.remote.RemoteWebDriver.getScreenshotAs(RemoteWebDriver.java:334)
at com.tekpyramid.chaingrid.generic_listenerimpclass.ListImpClass.onTestFailure(ListImpClass.java:61)
at java.base/java.util.ArrayList.forEach(ArrayList.java:1596)
... Removed 24 stack frames]]>
    </failure>
  </testcase> <!-- verifyAdminAddsNewProduct -->
  <testcase classname="com.tekpyramid.chaingrid.login.VerifyAdminLoginTest" name="verifyAdminLogin" time="0.024"/>
  <testcase classname="com.tekpyramid.chaingrid.login.VerifyRetailerLoginTest" name="verifyLoginTest" time="0.069"/>
  <testcase classname="com.tekpyramid.chaingrid.product_inventory.SearchOrdersIdTest" name="searchOrdersByIdTest" time="1.219"/>
  <testcase classname="com.tekpyramid.chaingrid.generic_baseclass.SuperBaseClass" name="@BeforeSuite beforeSuitConfigMethod" time="0.0">
    <ignored/>
  </testcase> <!-- @BeforeSuite beforeSuitConfigMethod -->
  <testcase classname="com.tekpyramid.chaingrid.generic_baseclass.SuperBaseClass" name="@AfterSuite afterSuiteConfigMethod" time="0.0">
    <ignored/>
  </testcase> <!-- @AfterSuite afterSuiteConfigMethod -->
  <testcase classname="com.tekpyramid.chaingrid.generic_baseclass.SuperBaseClass" name="@BeforeSuite beforeSuitConfigMethod" time="0.0">
    <ignored/>
  </testcase> <!-- @BeforeSuite beforeSuitConfigMethod -->
  <testcase classname="com.tekpyramid.chaingrid.generic_baseclass.SuperBaseClass" name="@BeforeSuite beforeSuitConfigMethod" time="0.0">
    <ignored/>
  </testcase> <!-- @BeforeSuite beforeSuitConfigMethod -->
  <testcase classname="com.tekpyramid.chaingrid.generic_baseclass.SuperBaseClass" name="@AfterSuite afterSuiteConfigMethod" time="0.0">
    <ignored/>
  </testcase> <!-- @AfterSuite afterSuiteConfigMethod -->
  <testcase classname="com.tekpyramid.chaingrid.generic_baseclass.SuperBaseClass" name="@AfterSuite afterSuiteConfigMethod" time="0.0">
    <ignored/>
  </testcase> <!-- @AfterSuite afterSuiteConfigMethod -->
  <testcase classname="com.tekpyramid.chaingrid.generic_baseclass.SuperBaseClass" name="@BeforeSuite beforeSuitConfigMethod" time="0.0">
    <ignored/>
  </testcase> <!-- @BeforeSuite beforeSuitConfigMethod -->
  <testcase classname="com.tekpyramid.chaingrid.generic_baseclass.SuperBaseClass" name="@BeforeSuite beforeSuitConfigMethod" time="0.0">
    <ignored/>
  </testcase> <!-- @BeforeSuite beforeSuitConfigMethod -->
  <testcase classname="com.tekpyramid.chaingrid.generic_baseclass.SuperBaseClass" name="@AfterSuite afterSuiteConfigMethod" time="0.0">
    <ignored/>
  </testcase> <!-- @AfterSuite afterSuiteConfigMethod -->
  <testcase classname="com.tekpyramid.chaingrid.generic_baseclass.SuperBaseClass" name="@AfterSuite afterSuiteConfigMethod" time="0.0">
    <ignored/>
  </testcase> <!-- @AfterSuite afterSuiteConfigMethod -->
  <testcase classname="com.tekpyramid.chaingrid.generic_baseclass.SuperBaseClass" name="@BeforeSuite beforeSuitConfigMethod" time="0.0">
    <ignored/>
  </testcase> <!-- @BeforeSuite beforeSuitConfigMethod -->
  <testcase classname="com.tekpyramid.chaingrid.generic_baseclass.SuperBaseClass" name="@AfterSuite afterSuiteConfigMethod" time="0.0">
    <ignored/>
  </testcase> <!-- @AfterSuite afterSuiteConfigMethod -->
  <testcase classname="com.tekpyramid.chaingrid.generic_baseclass.SuperBaseClass" name="@BeforeSuite beforeSuitConfigMethod" time="0.0">
    <ignored/>
  </testcase> <!-- @BeforeSuite beforeSuitConfigMethod -->
  <testcase classname="com.tekpyramid.chaingrid.generic_baseclass.SuperBaseClass" name="@AfterSuite afterSuiteConfigMethod" time="0.0">
    <ignored/>
  </testcase> <!-- @AfterSuite afterSuiteConfigMethod -->
  <testcase classname="com.tekpyramid.chaingrid.generic_baseclass.SuperBaseClass" name="@AfterSuite afterSuiteConfigMethod" time="0.0">
    <ignored/>
  </testcase> <!-- @AfterSuite afterSuiteConfigMethod -->
  <testcase classname="com.tekpyramid.chaingrid.generic_baseclass.SuperBaseClass" name="@BeforeSuite beforeSuitConfigMethod" time="0.0">
    <ignored/>
  </testcase> <!-- @BeforeSuite beforeSuitConfigMethod -->
  <testcase classname="com.tekpyramid.chaingrid.generic_baseclass.SuperBaseClass" name="@AfterSuite afterSuiteConfigMethod" time="0.0">
    <ignored/>
  </testcase> <!-- @AfterSuite afterSuiteConfigMethod -->
  <testcase classname="com.tekpyramid.chaingrid.generic_baseclass.SuperBaseClass" name="@BeforeSuite beforeSuitConfigMethod" time="0.0">
    <ignored/>
  </testcase> <!-- @BeforeSuite beforeSuitConfigMethod -->
  <testcase classname="com.tekpyramid.chaingrid.generic_baseclass.SuperBaseClass" name="@AfterSuite afterSuiteConfigMethod" time="0.0">
    <ignored/>
  </testcase> <!-- @AfterSuite afterSuiteConfigMethod -->
  <testcase classname="com.tekpyramid.chaingrid.generic_baseclass.SuperBaseClass" name="@BeforeSuite beforeSuitConfigMethod" time="0.0">
    <ignored/>
  </testcase> <!-- @BeforeSuite beforeSuitConfigMethod -->
</testsuite> <!-- Test -->
