<?xml version="1.0" encoding="UTF-8"?>
<!-- Generated by org.testng.reporters.JUnitXMLReporter -->
<testsuite ignored="10" hostname="Asus" failures="0" tests="8" name="Test_1" time="65.219" errors="0" timestamp="2026-02-18T01:45:32 IST">
  <testcase classname="com.tekpyramid.chaingrid.product_inventory.VerifyAdminAddProductTest" name="verifyAdminAddsNewProduct" time="2.55"/>
  <testcase classname="com.tekpyramid.chaingrid.product_inventory.VerifyManuViewAssighnedProductTest" name="manufacturerVerifyAssignedProduct" time="0.749"/>
  <testcase classname="com.tekpyramid.chaingrid.login.InvalidLoginsTest" name="invalidAdminLoginTest" time="0.769"/>
  <testcase classname="com.tekpyramid.chaingrid.login.InvalidLoginsTest" name="invalidManufacturerLoginTest" time="0.617"/>
  <testcase classname="com.tekpyramid.chaingrid.login.InvalidLoginsTest" name="invalidRetailerLoginTest" time="0.406"/>
  <testcase classname="com.tekpyramid.chaingrid.login.VerifyOrdersAreListedTest" name="verifyOrders" time="1.429"/>
  <testcase classname="com.tekpyramid.chaingrid.product_inventory.SearchOrderByRetailerTest" name="searchOrderByRetailerTest" time="1.254"/>
  <testcase classname="com.tekpyramid.chaingrid.login.VerifyRetailerLoginTest" name="verifyLoginTest" time="0.063"/>
  <testcase classname="com.tekpyramid.chaingrid.generic_baseclass.SuperBaseClass" name="@AfterSuite afterSuiteConfigMethod" time="0.0">
    <ignored/>
  </testcase> <!-- @AfterSuite afterSuiteConfigMethod -->
  <testcase classname="com.tekpyramid.chaingrid.generic_baseclass.SuperBaseClass" name="@AfterSuite afterSuiteConfigMethod" time="0.0">
    <ignored/>
  </testcase> <!-- @AfterSuite afterSuiteConfigMethod -->
  <testcase classname="com.tekpyramid.chaingrid.generic_baseclass.SuperBaseClass" name="@BeforeSuite beforeSuitConfigMethod" time="0.0">
    <ignored/>
  </testcase> <!-- @BeforeSuite beforeSuitConfigMethod -->
  <testcase classname="com.tekpyramid.chaingrid.generic_baseclass.SuperBaseClass" name="@AfterSuite afterSuiteConfigMethod" time="0.0">
    <ignored/>
  </testcase> <!-- @AfterSuite afterSuiteConfigMethod -->
  <testcase classname="com.tekpyramid.chaingrid.generic_baseclass.SuperBaseClass" name="@BeforeSuite beforeSuitConfigMethod" time="0.0">
    <ignored/>
  </testcase> <!-- @BeforeSuite beforeSuitConfigMethod -->
  <testcase classname="com.tekpyramid.chaingrid.generic_baseclass.SuperBaseClass" name="@BeforeSuite beforeSuitConfigMethod" time="0.0">
    <ignored/>
  </testcase> <!-- @BeforeSuite beforeSuitConfigMethod -->
  <testcase classname="com.tekpyramid.chaingrid.generic_baseclass.SuperBaseClass" name="@AfterSuite afterSuiteConfigMethod" time="0.0">
    <ignored/>
  </testcase> <!-- @AfterSuite afterSuiteConfigMethod -->
  <testcase classname="com.tekpyramid.chaingrid.generic_baseclass.SuperBaseClass" name="@BeforeSuite beforeSuitConfigMethod" time="0.0">
    <ignored/>
  </testcase> <!-- @BeforeSuite beforeSuitConfigMethod -->
  <testcase classname="com.tekpyramid.chaingrid.generic_baseclass.SuperBaseClass" name="@AfterSuite afterSuiteConfigMethod" time="0.0">
    <ignored/>
  </testcase> <!-- @AfterSuite afterSuiteConfigMethod -->
  <testcase classname="com.tekpyramid.chaingrid.generic_baseclass.SuperBaseClass" name="@BeforeSuite beforeSuitConfigMethod" time="0.0">
    <ignored/>
  </testcase> <!-- @BeforeSuite beforeSuitConfigMethod -->
</testsuite> <!-- Test_1 -->
