<?xml version="1.0" encoding="UTF-8"?>
<!-- Generated by org.testng.reporters.JUnitXMLReporter -->
<testsuite ignored="12" hostname="Asus" failures="2" tests="7" name="Test_2" time="71.761" errors="0" timestamp="2026-02-18T01:45:38 IST">
  <testcase classname="com.tekpyramid.chaingrid.product_inventory.SearchOrdersIdTest" name="searchOrdersByIdTest" time="1.32"/>
  <testcase classname="com.tekpyramid.chaingrid.object_repository.CreateOrderTest" name="createOrder" time="1.292"/>
  <testcase classname="com.tekpyramid.chaingrid.product_inventory.AddUnitTest" name="addUnitTest" time="3.451">
    <failure type="org.openqa.selenium.StaleElementReferenceException" message="The element with the reference 90857f50-033b-4872-8347-883f755f7790 is stale; either its node document is not the active document, or it is no longer connected to the DOM
For documentation on this error, please visit: https://www.selenium.dev/documentation/webdriver/troubleshooting/errors#stale-element-reference-exception
Build info: version: &amp;apos;4.30.0&amp;apos;, revision: &amp;apos;509c7f17cc*&amp;apos;
System info: os.name: &amp;apos;Windows 11&amp;apos;, os.arch: &amp;apos;amd64&amp;apos;, os.version: &amp;apos;10.0&amp;apos;, java.version: &amp;apos;21.0.10&amp;apos;
Driver info: org.openqa.selenium.firefox.FirefoxDriver
Command: [f9496ee5-942f-4391-8e71-22a9abaab13c, clickElement {id=90857f50-033b-4872-8347-883f755f7790}]
Capabilities {acceptInsecureCerts: true, browserName: firefox, browserVersion: 147.0.4, moz:accessibilityChecks: false, moz:buildID: 20260212191108, moz:geckodriverVersion: 0.36.0, moz:headless: false, moz:platformVersion: 10.0, moz:processID: 23740, moz:profile: C:\Users\samis\AppData\Loca..., moz:shutdownTimeout: 60000, moz:webdriverClick: true, moz:windowless: false, pageLoadStrategy: normal, platformName: windows, proxy: Proxy(), setWindowRect: true, strictFileInteractability: false, timeouts: {implicit: 0, pageLoad: 300000, script: 30000}, unhandledPromptBehavior: dismiss and notify, userAgent: Mozilla/5.0 (Windows NT 10....}
Element: [[FirefoxDriver: firefox on windows (f9496ee5-942f-4391-8e71-22a9abaab13c)] -&amp;gt; link text: Manage Unit]
Session ID: f9496ee5-942f-4391-8e71-22a9abaab13c">
      <![CDATA[org.openqa.selenium.StaleElementReferenceException: The element with the reference 90857f50-033b-4872-8347-883f755f7790 is stale; either its node document is not the active document, or it is no longer connected to the DOM
For documentation on this error, please visit: https://www.selenium.dev/documentation/webdriver/troubleshooting/errors#stale-element-reference-exception
Build info: version: '4.30.0', revision: '509c7f17cc*'
System info: os.name: 'Windows 11', os.arch: 'amd64', os.version: '10.0', java.version: '21.0.10'
Driver info: org.openqa.selenium.firefox.FirefoxDriver
Command: [f9496ee5-942f-4391-8e71-22a9abaab13c, clickElement {id=90857f50-033b-4872-8347-883f755f7790}]
Capabilities {acceptInsecureCerts: true, browserName: firefox, browserVersion: 147.0.4, moz:accessibilityChecks: false, moz:buildID: 20260212191108, moz:geckodriverVersion: 0.36.0, moz:headless: false, moz:platformVersion: 10.0, moz:processID: 23740, moz:profile: C:\Users\samis\AppData\Loca..., moz:shutdownTimeout: 60000, moz:webdriverClick: true, moz:windowless: false, pageLoadStrategy: normal, platformName: windows, proxy: Proxy(), setWindowRect: true, strictFileInteractability: false, timeouts: {implicit: 0, pageLoad: 300000, script: 30000}, unhandledPromptBehavior: dismiss and notify, userAgent: Mozilla/5.0 (Windows NT 10....}
Element: [[FirefoxDriver: firefox on windows (f9496ee5-942f-4391-8e71-22a9abaab13c)] -> link text: Manage Unit]
Session ID: f9496ee5-942f-4391-8e71-22a9abaab13c
at org.openqa.selenium.remote.ErrorCodec.decode(ErrorCodec.java:167)
at org.openqa.selenium.remote.codec.w3c.W3CHttpResponseCodec.decode(W3CHttpResponseCodec.java:138)
at org.openqa.selenium.remote.codec.w3c.W3CHttpResponseCodec.decode(W3CHttpResponseCodec.java:50)
at org.openqa.selenium.remote.HttpCommandExecutor.execute(HttpCommandExecutor.java:215)
at org.openqa.selenium.remote.service.DriverCommandExecutor.invokeExecute(DriverCommandExecutor.java:216)
at org.openqa.selenium.remote.service.DriverCommandExecutor.execute(DriverCommandExecutor.java:174)
at org.openqa.selenium.remote.RemoteWebDriver.execute(RemoteWebDriver.java:545)
at org.openqa.selenium.remote.RemoteWebElement.execute(RemoteWebElement.java:223)
at org.openqa.selenium.remote.RemoteWebElement.click(RemoteWebElement.java:76)
at org.openqa.selenium.support.pagefactory.internal.LocatingElementHandler.invoke(LocatingElementHandler.java:51)
at jdk.proxy2/jdk.proxy2.$Proxy18.click(Unknown Source)
at com.tekpyramid.chaingrid.product_inventory.AddUnitTest.addUnitTest(AddUnitTest.java:30)
at java.base/java.util.ArrayList.forEach(ArrayList.java:1596)
at java.base/java.util.concurrent.FutureTask.run(FutureTask.java:317)
at java.base/java.util.concurrent.ThreadPoolExecutor.runWorker(ThreadPoolExecutor.java:1144)
at java.base/java.util.concurrent.ThreadPoolExecutor$Worker.run(ThreadPoolExecutor.java:642)
at java.base/java.lang.Thread.run(Thread.java:1583)
... Removed 20 stack frames]]>
    </failure>
  </testcase> <!-- addUnitTest -->
  <testcase classname="com.tekpyramid.chaingrid.product_inventory.ManufacturerVerifyAddStockTest" name="verifyAddStock" time="1.214">
    <failure type="java.lang.AssertionError" message="expected [0] but found [10]">
      <![CDATA[java.lang.AssertionError: expected [0] but found [10]
at com.tekpyramid.chaingrid.product_inventory.ManufacturerVerifyAddStockTest.verifyAddStock(ManufacturerVerifyAddStockTest.java:48)
at java.base/java.util.ArrayList.forEach(ArrayList.java:1596)
at java.base/java.util.concurrent.FutureTask.run(FutureTask.java:317)
at java.base/java.util.concurrent.ThreadPoolExecutor.runWorker(ThreadPoolExecutor.java:1144)
at java.base/java.util.concurrent.ThreadPoolExecutor$Worker.run(ThreadPoolExecutor.java:642)
at java.base/java.lang.Thread.run(Thread.java:1583)
... Removed 22 stack frames]]>
    </failure>
  </testcase> <!-- verifyAddStock -->
  <testcase classname="com.tekpyramid.chaingrid.login.VerifyManufacturerLoginTest" name="verifyManufacturerLogin" time="0.129"/>
  <testcase classname="com.tekpyramid.chaingrid.product_inventory.AdminVerifiesOrdersTest" name="verifyAdminViewsOrders" time="1.064"/>
  <testcase classname="com.tekpyramid.chaingrid.login.VerifyAdminLoginTest" name="verifyAdminLogin" time="0.04"/>
  <testcase classname="com.tekpyramid.chaingrid.generic_baseclass.SuperBaseClass" name="@AfterSuite afterSuiteConfigMethod" time="0.0">
    <ignored/>
  </testcase> <!-- @AfterSuite afterSuiteConfigMethod -->
  <testcase classname="com.tekpyramid.chaingrid.generic_baseclass.SuperBaseClass" name="@AfterSuite afterSuiteConfigMethod" time="0.0">
    <ignored/>
  </testcase> <!-- @AfterSuite afterSuiteConfigMethod -->
  <testcase classname="com.tekpyramid.chaingrid.generic_baseclass.SuperBaseClass" name="@AfterSuite afterSuiteConfigMethod" time="0.0">
    <ignored/>
  </testcase> <!-- @AfterSuite afterSuiteConfigMethod -->
  <testcase classname="com.tekpyramid.chaingrid.generic_baseclass.SuperBaseClass" name="@BeforeSuite beforeSuitConfigMethod" time="0.0">
    <ignored/>
  </testcase> <!-- @BeforeSuite beforeSuitConfigMethod -->
  <testcase classname="com.tekpyramid.chaingrid.generic_baseclass.SuperBaseClass" name="@BeforeSuite beforeSuitConfigMethod" time="0.0">
    <ignored/>
  </testcase> <!-- @BeforeSuite beforeSuitConfigMethod -->
  <testcase classname="com.tekpyramid.chaingrid.generic_baseclass.SuperBaseClass" name="@BeforeSuite beforeSuitConfigMethod" time="0.0">
    <ignored/>
  </testcase> <!-- @BeforeSuite beforeSuitConfigMethod -->
  <testcase classname="com.tekpyramid.chaingrid.generic_baseclass.SuperBaseClass" name="@BeforeSuite beforeSuitConfigMethod" time="0.0">
    <ignored/>
  </testcase> <!-- @BeforeSuite beforeSuitConfigMethod -->
  <testcase classname="com.tekpyramid.chaingrid.generic_baseclass.SuperBaseClass" name="@AfterSuite afterSuiteConfigMethod" time="0.0">
    <ignored/>
  </testcase> <!-- @AfterSuite afterSuiteConfigMethod -->
  <testcase classname="com.tekpyramid.chaingrid.generic_baseclass.SuperBaseClass" name="@AfterSuite afterSuiteConfigMethod" time="0.0">
    <ignored/>
  </testcase> <!-- @AfterSuite afterSuiteConfigMethod -->
  <testcase classname="com.tekpyramid.chaingrid.generic_baseclass.SuperBaseClass" name="@BeforeSuite beforeSuitConfigMethod" time="0.0">
    <ignored/>
  </testcase> <!-- @BeforeSuite beforeSuitConfigMethod -->
  <testcase classname="com.tekpyramid.chaingrid.generic_baseclass.SuperBaseClass" name="@BeforeSuite beforeSuitConfigMethod" time="0.0">
    <ignored/>
  </testcase> <!-- @BeforeSuite beforeSuitConfigMethod -->
  <testcase classname="com.tekpyramid.chaingrid.generic_baseclass.SuperBaseClass" name="@AfterSuite afterSuiteConfigMethod" time="0.0">
    <ignored/>
  </testcase> <!-- @AfterSuite afterSuiteConfigMethod -->
</testsuite> <!-- Test_2 -->
