<?xml version="1.0" encoding="UTF-8"?>
<!-- Generated by org.testng.reporters.JUnitXMLReporter -->
<testsuite ignored="10" hostname="Asus" failures="1" tests="8" name="Test_1" time="75.748" errors="0" timestamp="2026-02-18T21:32:43 IST">
  <testcase classname="com.tekpyramid.chaingrid.product_inventory.VerifyAdminAddProductTest" name="verifyAdminAddsNewProduct" time="1.42">
    <failure type="org.openqa.selenium.StaleElementReferenceException" message="The element with the reference caabe704-c7f1-4cec-848e-277709eb2424 is stale; either its node document is not the active document, or it is no longer connected to the DOM
For documentation on this error, please visit: https://www.selenium.dev/documentation/webdriver/troubleshooting/errors#stale-element-reference-exception
Build info: version: &amp;apos;4.30.0&amp;apos;, revision: &amp;apos;509c7f17cc*&amp;apos;
System info: os.name: &amp;apos;Windows 11&amp;apos;, os.arch: &amp;apos;amd64&amp;apos;, os.version: &amp;apos;10.0&amp;apos;, java.version: &amp;apos;21.0.10&amp;apos;
Driver info: org.openqa.selenium.firefox.FirefoxDriver
Command: [c8db3d30-7678-4e0d-aad3-8187240ae2a7, clickElement {id=caabe704-c7f1-4cec-848e-277709eb2424}]
Capabilities {acceptInsecureCerts: true, browserName: firefox, browserVersion: 147.0.4, moz:accessibilityChecks: false, moz:buildID: 20260212191108, moz:geckodriverVersion: 0.36.0, moz:headless: false, moz:platformVersion: 10.0, moz:processID: 19920, moz:profile: C:\Users\samis\AppData\Loca..., moz:shutdownTimeout: 60000, moz:webdriverClick: true, moz:windowless: false, pageLoadStrategy: normal, platformName: windows, proxy: Proxy(), setWindowRect: true, strictFileInteractability: false, timeouts: {implicit: 0, pageLoad: 300000, script: 30000}, unhandledPromptBehavior: dismiss and notify, userAgent: Mozilla/5.0 (Windows NT 10....}
Element: [[FirefoxDriver: firefox on windows (c8db3d30-7678-4e0d-aad3-8187240ae2a7)] -&amp;gt; link text: Products]
Session ID: c8db3d30-7678-4e0d-aad3-8187240ae2a7">
      <![CDATA[org.openqa.selenium.StaleElementReferenceException: The element with the reference caabe704-c7f1-4cec-848e-277709eb2424 is stale; either its node document is not the active document, or it is no longer connected to the DOM
For documentation on this error, please visit: https://www.selenium.dev/documentation/webdriver/troubleshooting/errors#stale-element-reference-exception
Build info: version: '4.30.0', revision: '509c7f17cc*'
System info: os.name: 'Windows 11', os.arch: 'amd64', os.version: '10.0', java.version: '21.0.10'
Driver info: org.openqa.selenium.firefox.FirefoxDriver
Command: [c8db3d30-7678-4e0d-aad3-8187240ae2a7, clickElement {id=caabe704-c7f1-4cec-848e-277709eb2424}]
Capabilities {acceptInsecureCerts: true, browserName: firefox, browserVersion: 147.0.4, moz:accessibilityChecks: false, moz:buildID: 20260212191108, moz:geckodriverVersion: 0.36.0, moz:headless: false, moz:platformVersion: 10.0, moz:processID: 19920, moz:profile: C:\Users\samis\AppData\Loca..., moz:shutdownTimeout: 60000, moz:webdriverClick: true, moz:windowless: false, pageLoadStrategy: normal, platformName: windows, proxy: Proxy(), setWindowRect: true, strictFileInteractability: false, timeouts: {implicit: 0, pageLoad: 300000, script: 30000}, unhandledPromptBehavior: dismiss and notify, userAgent: Mozilla/5.0 (Windows NT 10....}
Element: [[FirefoxDriver: firefox on windows (c8db3d30-7678-4e0d-aad3-8187240ae2a7)] -> link text: Products]
Session ID: c8db3d30-7678-4e0d-aad3-8187240ae2a7
at org.openqa.selenium.remote.ErrorCodec.decode(ErrorCodec.java:167)
at org.openqa.selenium.remote.codec.w3c.W3CHttpResponseCodec.decode(W3CHttpResponseCodec.java:138)
at org.openqa.selenium.remote.codec.w3c.W3CHttpResponseCodec.decode(W3CHttpResponseCodec.java:50)
at org.openqa.selenium.remote.HttpCommandExecutor.execute(HttpCommandExecutor.java:215)
at org.openqa.selenium.remote.service.DriverCommandExecutor.invokeExecute(DriverCommandExecutor.java:216)
at org.openqa.selenium.remote.service.DriverCommandExecutor.execute(DriverCommandExecutor.java:174)
at org.openqa.selenium.remote.RemoteWebDriver.execute(RemoteWebDriver.java:545)
at org.openqa.selenium.remote.RemoteWebElement.execute(RemoteWebElement.java:223)
at org.openqa.selenium.remote.RemoteWebElement.click(RemoteWebElement.java:76)
at org.openqa.selenium.support.pagefactory.internal.LocatingElementHandler.invoke(LocatingElementHandler.java:51)
at jdk.proxy2/jdk.proxy2.$Proxy18.click(Unknown Source)
at com.tekpyramid.chaingrid.product_inventory.VerifyAdminAddProductTest.verifyAdminAddsNewProduct(VerifyAdminAddProductTest.java:29)
at java.base/java.util.ArrayList.forEach(ArrayList.java:1596)
at java.base/java.util.concurrent.FutureTask.run(FutureTask.java:317)
at java.base/java.util.concurrent.ThreadPoolExecutor.runWorker(ThreadPoolExecutor.java:1144)
at java.base/java.util.concurrent.ThreadPoolExecutor$Worker.run(ThreadPoolExecutor.java:642)
at java.base/java.lang.Thread.run(Thread.java:1583)
... Removed 20 stack frames]]>
    </failure>
  </testcase> <!-- verifyAdminAddsNewProduct -->
  <testcase classname="com.tekpyramid.chaingrid.product_inventory.VerifyManuViewAssighnedProductTest" name="manufacturerVerifyAssignedProduct" time="0.725"/>
  <testcase classname="com.tekpyramid.chaingrid.login.InvalidLoginsTest" name="invalidAdminLoginTest" time="0.614"/>
  <testcase classname="com.tekpyramid.chaingrid.login.InvalidLoginsTest" name="invalidManufacturerLoginTest" time="0.577"/>
  <testcase classname="com.tekpyramid.chaingrid.login.InvalidLoginsTest" name="invalidRetailerLoginTest" time="0.648"/>
  <testcase classname="com.tekpyramid.chaingrid.login.VerifyOrdersAreListedTest" name="verifyOrders" time="1.861"/>
  <testcase classname="com.tekpyramid.chaingrid.product_inventory.SearchOrderByRetailerTest" name="searchOrderByRetailerTest" time="2.358"/>
  <testcase classname="com.tekpyramid.chaingrid.login.VerifyRetailerLoginTest" name="verifyLoginTest" time="0.063"/>
  <testcase classname="com.tekpyramid.chaingrid.generic_baseclass.SuperBaseClass" name="@BeforeSuite beforeSuitConfigMethod" time="0.0">
    <ignored/>
  </testcase> <!-- @BeforeSuite beforeSuitConfigMethod -->
  <testcase classname="com.tekpyramid.chaingrid.generic_baseclass.SuperBaseClass" name="@AfterSuite afterSuiteConfigMethod" time="0.0">
    <ignored/>
  </testcase> <!-- @AfterSuite afterSuiteConfigMethod -->
  <testcase classname="com.tekpyramid.chaingrid.generic_baseclass.SuperBaseClass" name="@AfterSuite afterSuiteConfigMethod" time="0.0">
    <ignored/>
  </testcase> <!-- @AfterSuite afterSuiteConfigMethod -->
  <testcase classname="com.tekpyramid.chaingrid.generic_baseclass.SuperBaseClass" name="@BeforeSuite beforeSuitConfigMethod" time="0.0">
    <ignored/>
  </testcase> <!-- @BeforeSuite beforeSuitConfigMethod -->
  <testcase classname="com.tekpyramid.chaingrid.generic_baseclass.SuperBaseClass" name="@BeforeSuite beforeSuitConfigMethod" time="0.0">
    <ignored/>
  </testcase> <!-- @BeforeSuite beforeSuitConfigMethod -->
  <testcase classname="com.tekpyramid.chaingrid.generic_baseclass.SuperBaseClass" name="@AfterSuite afterSuiteConfigMethod" time="0.0">
    <ignored/>
  </testcase> <!-- @AfterSuite afterSuiteConfigMethod -->
  <testcase classname="com.tekpyramid.chaingrid.generic_baseclass.SuperBaseClass" name="@BeforeSuite beforeSuitConfigMethod" time="0.0">
    <ignored/>
  </testcase> <!-- @BeforeSuite beforeSuitConfigMethod -->
  <testcase classname="com.tekpyramid.chaingrid.generic_baseclass.SuperBaseClass" name="@AfterSuite afterSuiteConfigMethod" time="0.0">
    <ignored/>
  </testcase> <!-- @AfterSuite afterSuiteConfigMethod -->
  <testcase classname="com.tekpyramid.chaingrid.generic_baseclass.SuperBaseClass" name="@AfterSuite afterSuiteConfigMethod" time="0.0">
    <ignored/>
  </testcase> <!-- @AfterSuite afterSuiteConfigMethod -->
  <testcase classname="com.tekpyramid.chaingrid.generic_baseclass.SuperBaseClass" name="@BeforeSuite beforeSuitConfigMethod" time="0.0">
    <ignored/>
  </testcase> <!-- @BeforeSuite beforeSuitConfigMethod -->
</testsuite> <!-- Test_1 -->
