<?xml version="1.0" encoding="UTF-8"?>
<!-- Generated by org.testng.reporters.JUnitReportReporter -->
<testsuite hostname="Asus" failures="0" tests="1" name="com.tekpyramid.chaingrid.product_inventory.SearchOrdersIdTest" time="2.476" errors="0" timestamp="2026-02-18T01:46:15 IST" skipped="0">
  <testcase classname="com.tekpyramid.chaingrid.product_inventory.SearchOrdersIdTest" name="searchOrdersByIdTest" time="2.476"/>
</testsuite> <!-- com.tekpyramid.chaingrid.product_inventory.SearchOrdersIdTest -->
