<?xml version="1.0" encoding="UTF-8"?>
<!-- Generated by org.testng.reporters.JUnitReportReporter -->
<testsuite hostname="Asus" failures="0" tests="1" name="com.tekpyramid.chaingrid.product_inventory.AdminVerifiesOrdersTest" time="3.672" errors="0" timestamp="2026-02-18T21:33:27 IST" skipped="0">
  <testcase classname="com.tekpyramid.chaingrid.product_inventory.AdminVerifiesOrdersTest" name="verifyAdminViewsOrders" time="3.672"/>
</testsuite> <!-- com.tekpyramid.chaingrid.product_inventory.AdminVerifiesOrdersTest -->
