<?xml version="1.0" encoding="UTF-8"?>
<!-- Generated by org.testng.reporters.JUnitReportReporter -->
<testsuite hostname="Asus" failures="0" tests="1" name="com.tekpyramid.chaingrid.product_inventory.SearchOrdersIdTest" time="2.174" errors="0" timestamp="2026-02-02T21:45:40 IST" skipped="0">
  <testcase classname="com.tekpyramid.chaingrid.product_inventory.SearchOrdersIdTest" name="searchOrdersByIdTest" time="2.174"/>
</testsuite> <!-- com.tekpyramid.chaingrid.product_inventory.SearchOrdersIdTest -->
