<?xml version="1.0" encoding="UTF-8"?>
<!-- Generated by org.testng.reporters.JUnitReportReporter -->
<testsuite hostname="sami77" failures="0" tests="1" name="com.tekpyramid.chaingrid.product_inventory.VerifyPlaceOrderTest" time="23.891" errors="0" timestamp="2026-01-26T21:51:17 IST" skipped="0">
  <testcase classname="com.tekpyramid.chaingrid.product_inventory.VerifyPlaceOrderTest" name="verifyRetailerPlaceOrder" time="23.891"/>
</testsuite> <!-- com.tekpyramid.chaingrid.product_inventory.VerifyPlaceOrderTest -->
