<?xml version="1.0" encoding="UTF-8"?>
<!-- Generated by org.testng.reporters.JUnitReportReporter -->
<testsuite hostname="Asus" failures="0" tests="1" name="com.tekpyramid.chaingrid.product_inventory.VerifyPlaceOrderTest" time="25.024" errors="0" timestamp="2026-02-03T01:31:44 IST" skipped="0">
  <testcase classname="com.tekpyramid.chaingrid.product_inventory.VerifyPlaceOrderTest" name="verifyRetailerPlaceOrder" time="25.024"/>
</testsuite> <!-- com.tekpyramid.chaingrid.product_inventory.VerifyPlaceOrderTest -->
