<?xml version="1.0" encoding="UTF-8"?>
<!-- Generated by org.testng.reporters.JUnitReportReporter -->
<testsuite hostname="Asus" failures="0" tests="1" name="com.tekpyramid.chaingrid.product_inventory.AdminVerifiesOrdersTest" time="1.838" errors="0" timestamp="2026-02-02T21:45:40 IST" skipped="0">
  <testcase classname="com.tekpyramid.chaingrid.product_inventory.AdminVerifiesOrdersTest" name="verifyAdminViewsOrders" time="1.838"/>
</testsuite> <!-- com.tekpyramid.chaingrid.product_inventory.AdminVerifiesOrdersTest -->
