<?xml version="1.0" encoding="UTF-8"?>
<!-- Generated by org.testng.reporters.JUnitReportReporter -->
<testsuite hostname="sami77" failures="0" tests="1" name="com.tekpyramid.chaingrid.product_inventory.VerifyManuViewAssighnedProductTest" time="3.788" errors="0" timestamp="2026-01-25T19:46:40 IST" skipped="0">
  <testcase classname="com.tekpyramid.chaingrid.product_inventory.VerifyManuViewAssighnedProductTest" name="manufacturerVerifyAssignedProduct" time="3.788"/>
</testsuite> <!-- com.tekpyramid.chaingrid.product_inventory.VerifyManuViewAssighnedProductTest -->
