<?xml version="1.0" encoding="UTF-8"?>
<!-- Generated by org.testng.reporters.JUnitReportReporter -->
<testsuite hostname="Asus" failures="0" tests="3" name="sample_test.Demo1_test" time="0.012" errors="0" timestamp="2026-03-12T18:33:40 IST" skipped="0">
  <testcase classname="sample_test.Demo1_test" name="test_1" time="0.009"/>
  <testcase classname="sample_test.Demo1_test" name="test_2" time="0.002"/>
  <testcase classname="sample_test.Demo1_test" name="test_3" time="0.001"/>
</testsuite> <!-- sample_test.Demo1_test -->
