<?xml version="1.0" encoding="UTF-8"?>
<!-- Generated by org.testng.reporters.JUnitReportReporter -->
<testsuite hostname="Asus" failures="0" tests="1" name="com.tekpyramid.chaingrid.product_inventory.VerifyManuViewAssighnedProductTest" time="1.944" errors="0" timestamp="2026-02-27T15:42:15 IST" skipped="0">
  <testcase classname="com.tekpyramid.chaingrid.product_inventory.VerifyManuViewAssighnedProductTest" name="manufacturerVerifyAssignedProduct" time="1.944"/>
</testsuite> <!-- com.tekpyramid.chaingrid.product_inventory.VerifyManuViewAssighnedProductTest -->
