<?xml version="1.0" encoding="UTF-8"?>
<!-- Generated by org.testng.reporters.JUnitReportReporter -->
<testsuite hostname="Asus" failures="0" tests="1" name="com.tekpyramid.chaingrid.product_inventory.AdminUpdatesProductTest" time="2.821" errors="0" timestamp="2026-02-12T20:52:08 IST" skipped="0">
  <testcase classname="com.tekpyramid.chaingrid.product_inventory.AdminUpdatesProductTest" name="updateStockTest" time="2.821"/>
</testsuite> <!-- com.tekpyramid.chaingrid.product_inventory.AdminUpdatesProductTest -->
