<?xml version="1.0" encoding="UTF-8"?>
<!-- Generated by org.testng.reporters.JUnitReportReporter -->
<testsuite hostname="Asus" failures="0" tests="1" name="com.tekpyramid.chaingrid.product_inventory.ManufacturerVerifyAddStockTest" time="1.807" errors="0" timestamp="2026-02-18T02:08:22 IST" skipped="0">
  <testcase classname="com.tekpyramid.chaingrid.product_inventory.ManufacturerVerifyAddStockTest" name="verifyAddStock" time="1.807"/>
</testsuite> <!-- com.tekpyramid.chaingrid.product_inventory.ManufacturerVerifyAddStockTest -->
