<?xml version="1.0" encoding="UTF-8"?>
<!-- Generated by org.testng.reporters.JUnitReportReporter -->
<testsuite hostname="Asus" failures="0" tests="3" name="DemoTests.DataDrivenTesting_2Test" time="0.011" errors="0" timestamp="2026-02-23T18:24:43 IST" skipped="0">
  <testcase classname="DemoTests.DataDrivenTesting_2Test" name="test3" time="0.008"/>
  <testcase classname="DemoTests.DataDrivenTesting_2Test" name="test3" time="0.002"/>
  <testcase classname="DemoTests.DataDrivenTesting_2Test" name="test3" time="0.001"/>
</testsuite> <!-- DemoTests.DataDrivenTesting_2Test -->
