<?xml version="1.0" encoding="UTF-8"?>
<!-- Generated by org.testng.reporters.JUnitReportReporter -->
<testsuite hostname="sami77" failures="0" tests="1" name="com.tekpyramid.chaingrid.product_inventory.SearchOrdersTest" time="3.134" errors="0" timestamp="2026-01-28T00:45:14 IST" skipped="0">
  <testcase classname="com.tekpyramid.chaingrid.product_inventory.SearchOrdersTest" name="searchOrdersByTest" time="3.134"/>
</testsuite> <!-- com.tekpyramid.chaingrid.product_inventory.SearchOrdersTest -->
