<?xml version="1.0" encoding="UTF-8"?>
<!-- Generated by org.testng.reporters.JUnitReportReporter -->
<testsuite hostname="Asus" failures="0" tests="1" name="com.tekpyramid.chaingrid.product_inventory.SearchOrderByRetailerTest" time="3.534" errors="0" timestamp="2026-02-18T21:33:27 IST" skipped="0">
  <testcase classname="com.tekpyramid.chaingrid.product_inventory.SearchOrderByRetailerTest" name="searchOrderByRetailerTest" time="3.534"/>
</testsuite> <!-- com.tekpyramid.chaingrid.product_inventory.SearchOrderByRetailerTest -->
