<?xml version="1.0" encoding="UTF-8"?>
<!-- Generated by org.testng.reporters.JUnitReportReporter -->
<testsuite hostname="sami77" failures="0" tests="1" name="com.tekpyramid.chaingrid.generic_utility.ChainGrid_Properties_Utility" time="0.017" errors="0" timestamp="2026-01-21T17:54:34 IST" skipped="0">
  <testcase classname="com.tekpyramid.chaingrid.generic_utility.ChainGrid_Properties_Utility" name="test" time="0.017"/>
</testsuite> <!-- com.tekpyramid.chaingrid.generic_utility.ChainGrid_Properties_Utility -->
