<?xml version="1.0" encoding="UTF-8"?>
<!-- Generated by org.testng.reporters.JUnitReportReporter -->
<testsuite hostname="Asus" failures="0" tests="1" name="com.tekpyramid.chaingrid.login.VerifyManufacturerLoginTest" time="0.891" errors="0" timestamp="2026-03-05T16:34:54 IST" skipped="0">
  <testcase classname="com.tekpyramid.chaingrid.login.VerifyManufacturerLoginTest" name="verifyManufacturerLogin" time="0.891"/>
</testsuite> <!-- com.tekpyramid.chaingrid.login.VerifyManufacturerLoginTest -->
