<?xml version="1.0" encoding="UTF-8"?>
<!-- Generated by org.testng.reporters.JUnitReportReporter -->
<testsuite hostname="Asus" failures="0" tests="3" name="sample_test.Demo2_Test" time="0.006" errors="0" timestamp="2026-03-12T18:24:53 IST" skipped="0">
  <testcase classname="sample_test.Demo2_Test" name="test_4" time="0.002"/>
  <testcase classname="sample_test.Demo2_Test" name="test_5" time="0.003"/>
  <testcase classname="sample_test.Demo2_Test" name="test_6" time="0.001"/>
</testsuite> <!-- sample_test.Demo2_Test -->
