<?xml version="1.0" encoding="UTF-8"?>
<!-- Generated by org.testng.reporters.JUnitReportReporter -->
<testsuite hostname="sami77" failures="0" tests="1" name="com.tekpyramid.chaingrid.product_inventory.ManufacturerVerifyAddStock" time="1.742" errors="0" timestamp="2026-01-26T01:00:45 IST" skipped="0">
  <testcase classname="com.tekpyramid.chaingrid.product_inventory.ManufacturerVerifyAddStock" name="verifyAddStock" time="1.742"/>
</testsuite> <!-- com.tekpyramid.chaingrid.product_inventory.ManufacturerVerifyAddStock -->
