<?xml version="1.0" encoding="UTF-8"?>
<!-- Generated by org.testng.reporters.JUnitReportReporter -->
<testsuite hostname="Asus" failures="0" tests="1" name="com.tekpyramid.chaingrid.login.InvalidManufacturerLoginTest" time="0.951" errors="0" timestamp="2026-02-04T00:48:09 IST" skipped="0">
  <testcase classname="com.tekpyramid.chaingrid.login.InvalidManufacturerLoginTest" name="invalidManufacturerLoginTest" time="0.951"/>
</testsuite> <!-- com.tekpyramid.chaingrid.login.InvalidManufacturerLoginTest -->
