<?xml version="1.0" encoding="UTF-8"?>
<!-- Generated by org.testng.reporters.JUnitReportReporter -->
<testsuite hostname="Asus" failures="0" tests="1" name="com.tekpyramid.chaingrid.product_inventory.SearchOrderByRetailerTest" time="2.404" errors="0" timestamp="2026-02-03T00:53:29 IST" skipped="0">
  <testcase classname="com.tekpyramid.chaingrid.product_inventory.SearchOrderByRetailerTest" name="searchOrderByRetailerTest" time="2.404"/>
</testsuite> <!-- com.tekpyramid.chaingrid.product_inventory.SearchOrderByRetailerTest -->
