<?xml version="1.0" encoding="UTF-8"?>
<!-- Generated by org.testng.reporters.JUnitReportReporter -->
<testsuite hostname="Asus" failures="0" tests="1" name="com.tekpyramid.chaingrid.product_inventory.ManufacturerVerifyAddStockTest" time="2.037" errors="0" timestamp="2026-02-03T00:57:39 IST" skipped="0">
  <testcase classname="com.tekpyramid.chaingrid.product_inventory.ManufacturerVerifyAddStockTest" name="verifyAddStock" time="2.037"/>
</testsuite> <!-- com.tekpyramid.chaingrid.product_inventory.ManufacturerVerifyAddStockTest -->
