<?xml version="1.0" encoding="UTF-8"?>
<!-- Generated by org.testng.reporters.JUnitReportReporter -->
<testsuite hostname="Asus" failures="0" tests="1" name="com.tekpyramid.chaingrid.login.VerifyManufacturerLoginTest" time="1.364" errors="0" timestamp="2026-02-03T01:31:44 IST" skipped="0">
  <testcase classname="com.tekpyramid.chaingrid.login.VerifyManufacturerLoginTest" name="verifyManufacturerLogin" time="1.364"/>
</testsuite> <!-- com.tekpyramid.chaingrid.login.VerifyManufacturerLoginTest -->
