<?xml version="1.0" encoding="UTF-8"?>
<!-- Generated by org.testng.reporters.JUnitReportReporter -->
<testsuite hostname="Asus" failures="0" tests="3" name="com.tekpyramid.chaingrid.login.InvalidLoginsTest" time="3.853" errors="0" timestamp="2026-02-18T21:33:27 IST" skipped="0">
  <testcase classname="com.tekpyramid.chaingrid.login.InvalidLoginsTest" name="invalidRetailerLoginTest" time="0.793"/>
  <testcase classname="com.tekpyramid.chaingrid.login.InvalidLoginsTest" name="invalidAdminLoginTest" time="0.880"/>
  <testcase classname="com.tekpyramid.chaingrid.login.InvalidLoginsTest" name="invalidManufacturerLoginTest" time="2.180"/>
</testsuite> <!-- com.tekpyramid.chaingrid.login.InvalidLoginsTest -->
